This is e-pTeX, Version 3.14159265-p3.8.2-190131-2.6 (utf8.sjis) (TeX Live 2019/W32TeX) (preloaded format=platex 2020.2.27)  5 MAR 2020 23:46
entering extended mode
 restricted \write18 enabled.
 %&-line parsing enabled.
**graduate_thesis -halt-on-error
(./graduate_thesis.tex
pLaTeX2e <2020-02-02>+2 (based on LaTeX2e <2020-02-02> patch level 4)
L3 programming layer <2020-02-25> (c:/texlive/2019/texmf-dist/tex/platex/base/jreport.cls
Document Class: jreport 2020/01/03 v1.8e Standard pLaTeX class
\c@@paper=\count166
(c:/texlive/2019/texmf-dist/tex/platex/base/jsize11.clo
File: jsize11.clo 2020/01/03 v1.8e Standard pLaTeX file (size option)
)
\c@part=\count167
\c@chapter=\count168
\c@section=\count169
\c@subsection=\count170
\c@subsubsection=\count171
\c@paragraph=\count172
\c@subparagraph=\count173
\c@figure=\count174
\c@table=\count175
\abovecaptionskip=\skip47
\belowcaptionskip=\skip48
\symmincho=\mathgroup4
LaTeX Font Info:    Overwriting symbol font `mincho' in version `bold'
(Font)                  JY1/mc/m/n --> JY1/gt/m/n on input line 704.
\toclineskip=\dimen150
\@lnumwidth=\dimen151
\bibindent=\dimen152
\heisei=\count176
) (c:/texlive/2019/texmf-dist/tex/latex/psnfss/times.sty
Package: times 2005/04/12 PSNFSS-v9.2a (SPQR) 
) (c:/texlive/2019/texmf-dist/tex/latex/graphics/graphicx.sty
Package: graphicx 2019/11/30 v1.2a Enhanced LaTeX Graphics (DPC,SPQR)
 (c:/texlive/2019/texmf-dist/tex/latex/graphics/keyval.sty
Package: keyval 2014/10/28 v1.15 key=value parser (DPC)
\KV@toks@=\toks15
) (c:/texlive/2019/texmf-dist/tex/latex/graphics/graphics.sty
Package: graphics 2019/11/30 v1.4a Standard LaTeX Graphics (DPC,SPQR)
 (c:/texlive/2019/texmf-dist/tex/latex/graphics/trig.sty
Package: trig 2016/01/03 v1.10 sin cos tan (DPC)
) (c:/texlive/2019/texmf-dist/tex/latex/graphics-cfg/graphics.cfg
File: graphics.cfg 2016/06/04 v1.11 sample graphics configuration
)
Package graphics Info: Driver file: dvipdfmx.def on input line 105.
 (c:/texlive/2019/texmf-dist/tex/latex/graphics-def/dvipdfmx.def
File: dvipdfmx.def 2017/06/24 v5.0g Graphics/color driver for dvipdfmx
))
\Gin@req@height=\dimen153
\Gin@req@width=\dimen154
) (c:/texlive/2019/texmf-dist/tex/latex/graphics/color.sty
Package: color 2019/11/23 v1.2a Standard LaTeX Color (DPC)
 (c:/texlive/2019/texmf-dist/tex/latex/graphics-cfg/color.cfg
File: color.cfg 2016/01/02 v1.6 sample color configuration
)
Package color Info: Driver file: dvipdfmx.def on input line 147.
 (c:/texlive/2019/texmf-dist/tex/latex/graphics/dvipsnam.def
File: dvipsnam.def 2016/06/17 v3.0m Driver-dependent file (DPC,SPQR)
)) (c:/texlive/2019/texmf-dist/tex/latex/amsmath/amsmath.sty
Package: amsmath 2020/01/20 v2.17e AMS math features
\@mathmargin=\skip49

For additional information on amsmath, use the `?' option.
(c:/texlive/2019/texmf-dist/tex/latex/amsmath/amstext.sty
Package: amstext 2000/06/29 v2.01 AMS text
 (c:/texlive/2019/texmf-dist/tex/latex/amsmath/amsgen.sty
File: amsgen.sty 1999/11/30 v2.0 generic functions
\@emptytoks=\toks16
\ex@=\dimen155
)) (c:/texlive/2019/texmf-dist/tex/latex/amsmath/amsbsy.sty
Package: amsbsy 1999/11/29 v1.2d Bold Symbols
\pmbraise@=\dimen156
) (c:/texlive/2019/texmf-dist/tex/latex/amsmath/amsopn.sty
Package: amsopn 2016/03/08 v2.02 operator names
)
\inf@bad=\count177
LaTeX Info: Redefining \frac on input line 227.
\uproot@=\count178
\leftroot@=\count179
LaTeX Info: Redefining \overline on input line 389.
\classnum@=\count180
\DOTSCASE@=\count181
LaTeX Info: Redefining \ldots on input line 486.
LaTeX Info: Redefining \dots on input line 489.
LaTeX Info: Redefining \cdots on input line 610.
\Mathstrutbox@=\box61
\strutbox@=\box62
\big@size=\dimen157
LaTeX Font Info:    Redeclaring font encoding OML on input line 733.
LaTeX Font Info:    Redeclaring font encoding OMS on input line 734.
\macc@depth=\count182
\c@MaxMatrixCols=\count183
\dotsspace@=\muskip16
\c@parentequation=\count184
\dspbrk@lvl=\count185
\tag@help=\toks17
\row@=\count186
\column@=\count187
\maxfields@=\count188
\andhelp@=\toks18
\eqnshift@=\dimen158
\alignsep@=\dimen159
\tagshift@=\dimen160
\tagwidth@=\dimen161
\totwidth@=\dimen162
\lineht@=\dimen163
\@envbody=\toks19
\multlinegap=\skip50
\multlinetaggap=\skip51
\mathdisplay@stack=\toks20
LaTeX Info: Redefining \[ on input line 2859.
LaTeX Info: Redefining \] on input line 2860.
) (c:/texlive/2019/texmf-dist/tex/latex/amsfonts/amssymb.sty
Package: amssymb 2013/01/14 v3.01 AMS font symbols
 (c:/texlive/2019/texmf-dist/tex/latex/amsfonts/amsfonts.sty
Package: amsfonts 2013/01/14 v3.01 Basic AMSFonts support
\symAMSa=\mathgroup5
\symAMSb=\mathgroup6
LaTeX Font Info:    Redeclaring math symbol \hbar on input line 98.
LaTeX Font Info:    Overwriting math alphabet `\mathfrak' in version `bold'
(Font)                  U/euf/m/n --> U/euf/b/n on input line 106.
)) (c:/texlive/2019/texmf-dist/tex/latex/setspace/setspace.sty
Package: setspace 2011/12/19 v6.7a set line spacing
) (c:/texlive/2019/texmf-dist/tex/latex/tools/bm.sty
Package: bm 2019/07/24 v1.2d Bold Symbol Support (DPC/FMi)
\symboldoperators=\mathgroup7
\symboldletters=\mathgroup8
\symboldsymbols=\mathgroup9
\symboldmincho=\mathgroup10
LaTeX Font Info:    Redeclaring math alphabet \mathbf on input line 141.
LaTeX Info: Redefining \bm on input line 209.
) (c:/texlive/2019/texmf-dist/tex/latex/braket/braket.sty) (c:/texlive/2019/texmf-dist/tex/platex/japanese-otf-uptex/otf.sty
Package: otf 2019/04/01 v1.7b8 psitau, u0.24 ttk
LaTeX Font Info:    Redeclaring symbol font `mincho' on input line 314.
LaTeX Font Info:    Overwriting symbol font `mincho' in version `normal'
(Font)                  JY1/mc/m/n --> JY1/hmc/m/n on input line 314.
LaTeX Font Info:    Overwriting symbol font `mincho' in version `bold'
(Font)                  JY1/gt/m/n --> JY1/hmc/m/n on input line 314.
LaTeX Font Info:    Overwriting symbol font `mincho' in version `bold'
(Font)                  JY1/hmc/m/n --> JY1/hmc/bx/n on input line 316.
LaTeX Font Info:    Redeclaring math alphabet \mathgt on input line 317.
LaTeX Font Info:    Overwriting math alphabet `\mathgt' in version `normal'
(Font)                  JY1/gt/m/n --> JY1/hgt/m/n on input line 317.
LaTeX Font Info:    Overwriting math alphabet `\mathgt' in version `bold'
(Font)                  JY1/gt/m/n --> JY1/hgt/m/n on input line 317.
LaTeX Font Info:    Overwriting math alphabet `\mathgt' in version `bold'
(Font)                  JY1/hgt/m/n --> JY1/hgt/bx/n on input line 318.
 (c:/texlive/2019/texmf-dist/tex/platex/japanese-otf/ajmacros.sty
Package: ajmacros 2019/04/01 21:00 iNOUE Koich! <inoue@ma.ns.musashi-tech.ac.jp>
\@tempcntc=\count189
\@tempcntd=\count190
\@tempcnte=\count191
\@tempcntf=\count192
)) (c:/texlive/2019/texmf-dist/tex/latex/here/here.sty) (c:/texlive/2019/texmf-dist/tex/latex/float/float.sty
Package: float 2001/11/08 v1.3d Float enhancements (AL)
\c@float@type=\count193
\float@exts=\toks21
\float@box=\box63
\@float@everytoks=\toks22
\@floatcapt=\box64
) (c:/texlive/2019/texmf-dist/tex/latex/caption/subcaption.sty
Package: subcaption 2020/01/22 v1.3d Sub-captions (AR)
 (c:/texlive/2019/texmf-dist/tex/latex/caption/caption.sty
Package: caption 2020/01/03 v3.4h Customizing captions (AR)
 (c:/texlive/2019/texmf-dist/tex/latex/caption/caption3.sty
Package: caption3 2020/01/03 v1.8h caption3 kernel (AR)
Package caption3 Info: TeX engine: e-TeX on input line 61.
\captionmargin=\dimen164
\captionmargin@=\dimen165
\captionwidth=\dimen166
\caption@tempdima=\dimen167
\caption@indent=\dimen168
\caption@parindent=\dimen169
\caption@hangindent=\dimen170
Package caption Info: Unknown document class (or package),
(caption)             standard defaults will be used.
Package caption Info: \@makecaption = \long macro:#1#2->\vskip \abovecaptionskip \iftdir \sbox \@tempboxa {#1\hskip 1zw#2}\else \sbox \@tempboxa {#1: #2}\fi \ifdim \wd \@tempboxa >\hsize \iftdir #1\hskip 1zw#2\relax \par \else #1: #2\relax \par \fi \else \global \@minipagefalse \hb@xt@ \hsize {\hfil \box \@tempboxa \hfil }\fi \vskip \belowcaptionskip  on input line 1082.
)

Package caption Warning: Unknown document class (or package),
(caption)                standard defaults will be used.
See the caption package documentation for explanation.

\c@caption@flags=\count194
\c@continuedfloat=\count195
Package caption Info: float package is loaded.
)
\c@subfigure=\count196
\c@subtable=\count197
) (c:/texlive/2019/texmf-dist/tex/generic/atbegshi/atbegshi.sty
Package: atbegshi 2019/12/05 v1.19 At begin shipout hook (HO)
 (c:/texlive/2019/texmf-dist/tex/generic/infwarerr/infwarerr.sty
Package: infwarerr 2019/12/03 v1.5 Providing info/warning/error messages (HO)
) (c:/texlive/2019/texmf-dist/tex/generic/ltxcmds/ltxcmds.sty
Package: ltxcmds 2019/12/15 v1.24 LaTeX kernel commands for general use (HO)
) (c:/texlive/2019/texmf-dist/tex/generic/iftex/iftex.sty
Package: iftex 2019/11/07 v1.0c TeX engine tests
)) (c:/texlive/2019/texmf-dist/tex/latex/hyperref/hyperref.sty
Package: hyperref 2020/01/14 v7.00d Hypertext links for LaTeX
 (c:/texlive/2019/texmf-dist/tex/latex/pdftexcmds/pdftexcmds.sty
Package: pdftexcmds 2019/11/24 v0.31 Utility functions of pdfTeX for LuaTeX (HO)
Package pdftexcmds Info: \pdf@primitive is available.
Package pdftexcmds Info: \pdf@ifprimitive is available.
Package pdftexcmds Info: \pdfdraftmode not found.
) (c:/texlive/2019/texmf-dist/tex/generic/kvsetkeys/kvsetkeys.sty
Package: kvsetkeys 2019/12/15 v1.18 Key value parser (HO)
) (c:/texlive/2019/texmf-dist/tex/generic/kvdefinekeys/kvdefinekeys.sty
Package: kvdefinekeys 2019-12-19 v1.6 Define keys (HO)
) (c:/texlive/2019/texmf-dist/tex/generic/pdfescape/pdfescape.sty
Package: pdfescape 2019/12/09 v1.15 Implements pdfTeX's escape features (HO)
) (c:/texlive/2019/texmf-dist/tex/latex/hycolor/hycolor.sty
Package: hycolor 2020-01-27 v1.10 Color options for hyperref/bookmark (HO)
) (c:/texlive/2019/texmf-dist/tex/latex/letltxmacro/letltxmacro.sty
Package: letltxmacro 2019/12/03 v1.6 Let assignment for LaTeX macros (HO)
) (c:/texlive/2019/texmf-dist/tex/latex/auxhook/auxhook.sty
Package: auxhook 2019-12-17 v1.6 Hooks for auxiliary files (HO)
) (c:/texlive/2019/texmf-dist/tex/latex/kvoptions/kvoptions.sty
Package: kvoptions 2019/11/29 v3.13 Key value format for package options (HO)
)
\@linkdim=\dimen171
\Hy@linkcounter=\count198
\Hy@pagecounter=\count199
 (c:/texlive/2019/texmf-dist/tex/latex/hyperref/pd1enc.def
File: pd1enc.def 2020/01/14 v7.00d Hyperref: PDFDocEncoding definition (HO)
Now handling font encoding PD1 ...
... no UTF-8 mapping file for font encoding PD1
) (c:/texlive/2019/texmf-dist/tex/generic/intcalc/intcalc.sty
Package: intcalc 2019/12/15 v1.3 Expandable calculations with integers (HO)
) (c:/texlive/2019/texmf-dist/tex/generic/etexcmds/etexcmds.sty
Package: etexcmds 2019/12/15 v1.7 Avoid name clashes with e-TeX commands (HO)
)
\Hy@SavedSpaceFactor=\count266
Package hyperref Info: Option `colorlinks' set `true' on input line 4421.
Package hyperref Info: Option `linktocpage' set `true' on input line 4421.
Package hyperref Info: Option `bookmarks' set `true' on input line 4421.
Package hyperref Info: Option `setpagesize' set `false' on input line 4421.
Package hyperref Info: Hyper figures OFF on input line 4547.
Package hyperref Info: Link nesting OFF on input line 4552.
Package hyperref Info: Hyper index ON on input line 4555.
Package hyperref Info: Plain pages OFF on input line 4562.
Package hyperref Info: Backreferencing OFF on input line 4567.
Package hyperref Info: Implicit mode ON; LaTeX internals redefined.
Package hyperref Info: Bookmarks ON on input line 4800.
\c@Hy@tempcnt=\count267
 (c:/texlive/2019/texmf-dist/tex/latex/url/url.sty
\Urlmuskip=\muskip17
Package: url 2013/09/16  ver 3.4  Verb mode for urls, etc.
)
LaTeX Info: Redefining \url on input line 5159.
\XeTeXLinkMargin=\dimen172
 (c:/texlive/2019/texmf-dist/tex/generic/bitset/bitset.sty
Package: bitset 2019/12/09 v1.3 Handle bit-vector datatype (HO)
 (c:/texlive/2019/texmf-dist/tex/generic/bigintcalc/bigintcalc.sty
Package: bigintcalc 2019/12/15 v1.5 Expandable calculations on big integers (HO)
))
\Fld@menulength=\count268
\Field@Width=\dimen173
\Fld@charsize=\dimen174
Package hyperref Info: Hyper figures OFF on input line 6430.
Package hyperref Info: Link nesting OFF on input line 6435.
Package hyperref Info: Hyper index ON on input line 6438.
Package hyperref Info: backreferencing OFF on input line 6445.
Package hyperref Info: Link coloring ON on input line 6448.
Package hyperref Info: Link coloring with OCG OFF on input line 6455.
Package hyperref Info: PDF/A mode OFF on input line 6460.
LaTeX Info: Redefining \ref on input line 6500.
LaTeX Info: Redefining \pageref on input line 6504.
\Hy@abspage=\count269
\c@Item=\count270
\c@Hfootnote=\count271
)
Package hyperref Info: Driver: hdvipdfm.
 (c:/texlive/2019/texmf-dist/tex/latex/hyperref/hdvipdfm.def
File: hdvipdfm.def 2020/01/14 v7.00d Hyperref driver for dvipdfm
\pdfm@box=\box65
\c@Hy@AnnotLevel=\count272
\HyField@AnnotCount=\count273
\Fld@listcount=\count274
\c@bookmark@seq@number=\count275
 (c:/texlive/2019/texmf-dist/tex/latex/rerunfilecheck/rerunfilecheck.sty
Package: rerunfilecheck 2019/12/05 v1.9 Rerun checks for auxiliary files (HO)
 (c:/texlive/2019/texmf-dist/tex/latex/atveryend/atveryend.sty
Package: atveryend 2019-12-11 v1.11 Hooks at the very end of document (HO)
Package atveryend Info: \enddocument detected (standard20110627).
) (c:/texlive/2019/texmf-dist/tex/generic/uniquecounter/uniquecounter.sty
Package: uniquecounter 2019/12/15 v1.4 Provide unlimited unique counter (HO)
)
Package uniquecounter Info: New unique counter `rerunfilecheck' on input line 286.
)
\Hy@SectionHShift=\skip52
) (c:/texlive/2019/texmf-dist/tex/latex/natbib/natbib.sty
Package: natbib 2010/09/13 8.31b (PWD, AO)
\bibhang=\skip53
\bibsep=\skip54
LaTeX Info: Redefining \cite on input line 694.
\c@NAT@ctr=\count276
) (c:/texlive/2019/texmf-dist/tex/latex/tocbibind/tocbibind.sty
Package: tocbibind 2010/10/13 v1.5k extra ToC listings
Package tocbibind Info: The document has chapter divisions on input line 50.


Package tocbibind Note: Using chapter style headings, unless overridden.

) (c:/texlive/2019/texmf-dist/tex/latex/l3backend/l3backend-dvips.def
File: l3backend-dvips.def 2020-02-23 L3 backend support: dvips
\l__pdf_internal_box=\box66
\g__pdf_backend_object_int=\count277
\l__pdf_backend_content_box=\box67
\l__pdf_backend_model_box=\box68
\g__pdf_backend_annotation_int=\count278
\g__pdf_backend_link_int=\count279
\g__pdf_backend_link_sf_int=\count280
) (./graduate_thesis.aux

Package natbib Warning: Citation `' multiply defined.


Package natbib Warning: Citation `' multiply defined.


Package natbib Warning: Citation `' multiply defined.


Package natbib Warning: Citation `' multiply defined.


Package natbib Warning: Citation `' multiply defined.


Package natbib Warning: Citation `' multiply defined.

)
\openout1 = `graduate_thesis.aux'.

LaTeX Font Info:    Checking defaults for OML/cmm/m/it on input line 53.
LaTeX Font Info:    ... okay on input line 53.
LaTeX Font Info:    Checking defaults for OMS/cmsy/m/n on input line 53.
LaTeX Font Info:    ... okay on input line 53.
LaTeX Font Info:    Checking defaults for OT1/cmr/m/n on input line 53.
LaTeX Font Info:    ... okay on input line 53.
LaTeX Font Info:    Checking defaults for T1/cmr/m/n on input line 53.
LaTeX Font Info:    ... okay on input line 53.
LaTeX Font Info:    Checking defaults for TS1/cmr/m/n on input line 53.
LaTeX Font Info:    ... okay on input line 53.
LaTeX Font Info:    Checking defaults for OMX/cmex/m/n on input line 53.
LaTeX Font Info:    ... okay on input line 53.
LaTeX Font Info:    Checking defaults for U/cmr/m/n on input line 53.
LaTeX Font Info:    ... okay on input line 53.
LaTeX Font Info:    Checking defaults for JY1/mc/m/n on input line 53.
LaTeX Font Info:    ... okay on input line 53.
LaTeX Font Info:    Checking defaults for JT1/mc/m/n on input line 53.
LaTeX Font Info:    ... okay on input line 53.
LaTeX Font Info:    Checking defaults for PD1/pdf/m/n on input line 53.
LaTeX Font Info:    ... okay on input line 53.
 (I search kanjifont definition file: . . ) (I search font definition file: . . . . . . . . )
LaTeX Font Info:    Font shape `JT1/hmc/m/n' will be
(Font)              scaled to size 10.53629pt on input line 53.
LaTeX Font Info:    Font shape `JY1/hmc/m/n' will be
(Font)              scaled to size 10.53629pt on input line 53.
LaTeX Font Info:    Trying to load font information for OT1+ptm on input line 53.
 (c:/texlive/2019/texmf-dist/tex/latex/psnfss/ot1ptm.fd
File: ot1ptm.fd 2001/06/04 font definitions for OT1/ptm.
)
Package caption Info: Begin \AtBeginDocument code.
Package caption Info: hyperref package is loaded.
Package caption Info: End \AtBeginDocument code.
\AtBeginShipoutBox=\box69
Package hyperref Info: Link coloring ON on input line 53.
 (c:/texlive/2019/texmf-dist/tex/latex/hyperref/nameref.sty
Package: nameref 2019/09/16 v2.46 Cross-referencing by name of section
 (c:/texlive/2019/texmf-dist/tex/latex/refcount/refcount.sty
Package: refcount 2019/12/15 v3.6 Data extraction from label references (HO)
) (c:/texlive/2019/texmf-dist/tex/generic/gettitlestring/gettitlestring.sty
Package: gettitlestring 2019/12/15 v1.6 Cleanup title references (HO)
)
\c@section@level=\count281
)
LaTeX Info: Redefining \ref on input line 53.
LaTeX Info: Redefining \pageref on input line 53.
LaTeX Info: Redefining \nameref on input line 53.
 (./graduate_thesis.out) (./graduate_thesis.out)
\@outlinefile=\write3
\openout3 = `graduate_thesis.out'.

LaTeX Font Info:    Font shape `JT1/hmc/m/n' will be
(Font)              scaled to size 16.62714pt on input line 57.
LaTeX Font Info:    Font shape `JY1/hmc/m/n' will be
(Font)              scaled to size 16.62714pt on input line 57.


LaTeX Font Warning: Font shape `JY1/hmc/b/n' undefined
(Font)              using `JY1/hmc/bx/n' instead on input line 62.

LaTeX Font Info:    Font shape `JT1/hmc/bx/n' in size <17.28> not available
(Font)              Font shape `JT1/hgt/m/n' tried instead on input line 62.
LaTeX Font Info:    Font shape `JT1/hgt/m/n' will be
(Font)              scaled to size 16.62714pt on input line 62.
LaTeX Font Info:    Font shape `JY1/hmc/bx/n' in size <17.28> not available
(Font)              Font shape `JY1/hgt/m/n' tried instead on input line 62.
LaTeX Font Info:    Font shape `JY1/hgt/m/n' will be
(Font)              scaled to size 16.62714pt on input line 62.
LaTeX Font Info:    Font shape `JT1/hmc/bx/n' in size <32> not available
(Font)              Font shape `JT1/hgt/m/n' tried instead on input line 62.
LaTeX Font Info:    Font shape `JT1/hgt/m/n' will be
(Font)              scaled to size 30.79102pt on input line 62.
LaTeX Font Info:    Font shape `JY1/hmc/bx/n' in size <32> not available
(Font)              Font shape `JY1/hgt/m/n' tried instead on input line 62.
LaTeX Font Info:    Font shape `JY1/hgt/m/n' will be
(Font)              scaled to size 30.79102pt on input line 62.
LaTeX Font Info:    Font shape `JT1/hmc/m/n' will be
(Font)              scaled to size 23.94002pt on input line 66.
LaTeX Font Info:    Font shape `JY1/hmc/m/n' will be
(Font)              scaled to size 23.94002pt on input line 66.

LaTeX Font Warning: Font shape `JY1/hmc/b/n' undefined
(Font)              using `JY1/hmc/bx/n' instead on input line 66.

LaTeX Font Info:    Font shape `JT1/hmc/bx/n' in size <24.88> not available
(Font)              Font shape `JT1/hgt/m/n' tried instead on input line 66.
LaTeX Font Info:    Font shape `JT1/hgt/m/n' will be
(Font)              scaled to size 23.94002pt on input line 66.
LaTeX Font Info:    Font shape `JY1/hmc/bx/n' in size <24.88> not available
(Font)              Font shape `JY1/hgt/m/n' tried instead on input line 66.
LaTeX Font Info:    Font shape `JY1/hgt/m/n' will be
(Font)              scaled to size 23.94002pt on input line 66.

LaTeX Font Warning: Font shape `JY1/hmc/b/n' undefined
(Font)              using `JY1/hmc/bx/n' instead on input line 70.

LaTeX Font Info:    Font shape `JT1/hmc/m/n' will be
(Font)              scaled to size 13.85594pt on input line 72.
LaTeX Font Info:    Font shape `JY1/hmc/m/n' will be
(Font)              scaled to size 13.85594pt on input line 72.
[1

]
LaTeX Font Info:    Font shape `JT1/hmc/m/n' will be
(Font)              scaled to size 19.95642pt on input line 81.
LaTeX Font Info:    Font shape `JY1/hmc/m/n' will be
(Font)              scaled to size 19.95642pt on input line 81.


LaTeX Font Warning: Font shape `JY1/hmc/b/n' undefined
(Font)              using `JY1/hmc/bx/n' instead on input line 81.

LaTeX Font Info:    Font shape `JT1/hmc/bx/n' in size <20.74> not available
(Font)              Font shape `JT1/hgt/m/n' tried instead on input line 81.
LaTeX Font Info:    Font shape `JT1/hgt/m/n' will be
(Font)              scaled to size 19.95642pt on input line 81.
LaTeX Font Info:    Font shape `JY1/hmc/bx/n' in size <20.74> not available
(Font)              Font shape `JY1/hgt/m/n' tried instead on input line 81.
LaTeX Font Info:    Font shape `JY1/hgt/m/n' will be
(Font)              scaled to size 19.95642pt on input line 81.
(./graduate_thesis.toc

LaTeX Font Warning: Font shape `JY1/hmc/b/n' undefined
(Font)              using `JY1/hmc/bx/n' instead on input line 1.

LaTeX Font Info:    Font shape `JT1/hmc/bx/n' in size <10.95> not available
(Font)              Font shape `JT1/hgt/m/n' tried instead on input line 1.
LaTeX Font Info:    Font shape `JT1/hgt/m/n' will be
(Font)              scaled to size 10.53629pt on input line 1.
LaTeX Font Info:    Font shape `JY1/hmc/bx/n' in size <10.95> not available
(Font)              Font shape `JY1/hgt/m/n' tried instead on input line 1.
LaTeX Font Info:    Font shape `JY1/hgt/m/n' will be
(Font)              scaled to size 10.53629pt on input line 1.

LaTeX Font Warning: Font shape `JY1/hmc/b/n' undefined
(Font)              using `JY1/hmc/bx/n' instead on input line 2.


LaTeX Font Warning: Font shape `JY1/hmc/b/n' undefined
(Font)              using `JY1/hmc/bx/n' instead on input line 3.

LaTeX Font Info:    Font shape `JY1/hmc/m/n' will be
(Font)              scaled to size 7.69775pt on input line 4.
LaTeX Font Info:    Font shape `JY1/hmc/m/n' will be
(Font)              scaled to size 5.77332pt on input line 4.
LaTeX Font Info:    Trying to load font information for U+msa on input line 4.
(c:/texlive/2019/texmf-dist/tex/latex/amsfonts/umsa.fd
File: umsa.fd 2013/01/14 v3.01 AMS symbols A
)
LaTeX Font Info:    Trying to load font information for U+msb on input line 4.
 (c:/texlive/2019/texmf-dist/tex/latex/amsfonts/umsb.fd
File: umsb.fd 2013/01/14 v3.01 AMS symbols B
)

LaTeX Font Warning: Font shape `JY1/hmc/b/n' undefined
(Font)              using `JY1/hmc/bx/n' instead on input line 5.


LaTeX Font Warning: Font shape `JY1/hmc/b/n' undefined
(Font)              using `JY1/hmc/bx/n' instead on input line 17.


LaTeX Font Warning: Font shape `JY1/hmc/b/n' undefined
(Font)              using `JY1/hmc/bx/n' instead on input line 21.


LaTeX Font Warning: Font shape `JY1/hmc/b/n' undefined
(Font)              using `JY1/hmc/bx/n' instead on input line 22.


LaTeX Font Warning: Font shape `JY1/hmc/b/n' undefined
(Font)              using `JY1/hmc/bx/n' instead on input line 23.

)
\tf@toc=\write4
\openout4 = `graduate_thesis.toc'.

 [1

]

LaTeX Font Warning: Font shape `JY1/hmc/b/n' undefined
(Font)              using `JY1/hmc/bx/n' instead on input line 86.

(./graduate_thesis.lof)
\tf@lof=\write5
\openout5 = `graduate_thesis.lof'.

 [2


]
第 1 章

LaTeX Font Warning: Font shape `JY1/hmc/b/n' undefined
(Font)              using `JY1/hmc/bx/n' instead on input line 93.


LaTeX Font Warning: Font shape `JY1/hmc/b/n' undefined
(Font)              using `JY1/hmc/bx/n' instead on input line 94.

LaTeX Font Info:    Font shape `JT1/hmc/bx/n' in size <14.4> not available
(Font)              Font shape `JT1/hgt/m/n' tried instead on input line 94.
LaTeX Font Info:    Font shape `JT1/hgt/m/n' will be
(Font)              scaled to size 13.85594pt on input line 94.
LaTeX Font Info:    Font shape `JY1/hmc/bx/n' in size <14.4> not available
(Font)              Font shape `JY1/hgt/m/n' tried instead on input line 94.
LaTeX Font Info:    Font shape `JY1/hgt/m/n' will be
(Font)              scaled to size 13.85594pt on input line 94.
[1


]
第 2 章

LaTeX Font Warning: Font shape `JY1/hmc/b/n' undefined
(Font)              using `JY1/hmc/bx/n' instead on input line 104.


LaTeX Font Warning: Font shape `JY1/hmc/b/n' undefined
(Font)              using `JY1/hmc/bx/n' instead on input line 105.

LaTeX Font Info:    Font shape `JT1/hmc/m/n' will be
(Font)              scaled to size 11.54663pt on input line 108.
LaTeX Font Info:    Font shape `JY1/hmc/m/n' will be
(Font)              scaled to size 11.54663pt on input line 108.

LaTeX Font Warning: Font shape `JY1/hmc/b/n' undefined
(Font)              using `JY1/hmc/bx/n' instead on input line 108.

LaTeX Font Info:    Font shape `JT1/hmc/bx/n' in size <12> not available
(Font)              Font shape `JT1/hgt/m/n' tried instead on input line 108.
LaTeX Font Info:    Font shape `JT1/hgt/m/n' will be
(Font)              scaled to size 11.54663pt on input line 108.
LaTeX Font Info:    Font shape `JY1/hmc/bx/n' in size <12> not available
(Font)              Font shape `JY1/hgt/m/n' tried instead on input line 108.
LaTeX Font Info:    Font shape `JY1/hgt/m/n' will be
(Font)              scaled to size 11.54663pt on input line 108.

LaTeX Font Warning: Font shape `JY1/hmc/b/n' undefined
(Font)              using `JY1/hmc/bx/n' instead on input line 128.

[2

]

LaTeX Font Warning: Font shape `JY1/hmc/b/n' undefined
(Font)              using `JY1/hmc/bx/n' instead on input line 176.


LaTeX Font Warning: Font shape `JY1/hmc/b/n' undefined
(Font)              using `JY1/hmc/bx/n' instead on input line 193.

[3]

LaTeX Font Warning: Font shape `JY1/hmc/b/n' undefined
(Font)              using `JY1/hmc/bx/n' instead on input line 239.

[4]

LaTeX Font Warning: Font shape `JY1/hmc/b/n' undefined
(Font)              using `JY1/hmc/bx/n' instead on input line 256.

[5]

LaTeX Font Warning: Font shape `JY1/hmc/b/n' undefined
(Font)              using `JY1/hmc/bx/n' instead on input line 296.


Overfull \hbox (48.20627pt too wide) in paragraph at lines 305--306
[][]$[]$[] 
 []


LaTeX Font Warning: Font shape `JY1/hmc/b/n' undefined
(Font)              using `JY1/hmc/bx/n' instead on input line 309.

[6]

LaTeX Font Warning: Font shape `JY1/hmc/b/n' undefined
(Font)              using `JY1/hmc/bx/n' instead on input line 356.


Package hyperref Warning: Token not allowed in a PDF string (PDFDocEncoding):
(hyperref)                removing `math shift' on input line 356.


Package hyperref Warning: Token not allowed in a PDF string (PDFDocEncoding):
(hyperref)                removing `\rho' on input line 356.


Package hyperref Warning: Token not allowed in a PDF string (PDFDocEncoding):
(hyperref)                removing `math shift' on input line 356.


LaTeX Font Warning: Font shape `JY1/hmc/b/n' undefined
(Font)              using `JY1/hmc/bx/n' instead on input line 372.

[7]

LaTeX Font Warning: Font shape `JY1/hmc/b/n' undefined
(Font)              using `JY1/hmc/bx/n' instead on input line 406.

[8]

LaTeX Font Warning: Font shape `JY1/hmc/b/n' undefined
(Font)              using `JY1/hmc/bx/n' instead on input line 448.


Package hyperref Warning: Token not allowed in a PDF string (PDFDocEncoding):
(hyperref)                removing `math shift' on input line 448.


Package hyperref Warning: Token not allowed in a PDF string (PDFDocEncoding):
(hyperref)                removing `\rho' on input line 448.


Package hyperref Warning: Token not allowed in a PDF string (PDFDocEncoding):
(hyperref)                removing `math shift' on input line 448.


LaTeX Font Warning: Font shape `JY1/hmc/b/n' undefined
(Font)              using `JY1/hmc/bx/n' instead on input line 456.

[9]

LaTeX Font Warning: Font shape `JY1/hmc/b/n' undefined
(Font)              using `JY1/hmc/bx/n' instead on input line 504.

[10] [11]
第 3 章

LaTeX Font Warning: Font shape `JY1/hmc/b/n' undefined
(Font)              using `JY1/hmc/bx/n' instead on input line 530.


LaTeX Font Warning: Font shape `JY1/hmc/b/n' undefined
(Font)              using `JY1/hmc/bx/n' instead on input line 532.


LaTeX Font Warning: Font shape `JY1/hmc/b/n' undefined
(Font)              using `JY1/hmc/bx/n' instead on input line 555.


LaTeX Font Warning: Font shape `JY1/hmc/b/n' undefined
(Font)              using `JY1/hmc/bx/n' instead on input line 572.


LaTeX Font Warning: Font shape `JY1/hmc/b/n' undefined
(Font)              using `JY1/hmc/bx/n' instead on input line 575.

[12

]
File: ./picture/1111ed.png Graphic file (type bmp)
<./picture/1111ed.png>
 [13]

LaTeX Font Warning: Font shape `JY1/hmc/b/n' undefined
(Font)              using `JY1/hmc/bx/n' instead on input line 587.

File: ./picture/all.png Graphic file (type bmp)
<./picture/all.png>
[14]

LaTeX Font Warning: Font shape `JY1/hmc/b/n' undefined
(Font)              using `JY1/hmc/bx/n' instead on input line 597.


LaTeX Font Warning: Font shape `JY1/hmc/b/n' undefined
(Font)              using `JY1/hmc/bx/n' instead on input line 600.

File: ./picture/mixed.png Graphic file (type bmp)
<./picture/mixed.png>
[15]

LaTeX Font Warning: Font shape `JY1/hmc/b/n' undefined
(Font)              using `JY1/hmc/bx/n' instead on input line 611.

File: ./picture/cg.png Graphic file (type bmp)
<./picture/cg.png>
[16]

LaTeX Font Warning: Font shape `JY1/hmc/b/n' undefined
(Font)              using `JY1/hmc/bx/n' instead on input line 630.

File: ./picture/parallel.png Graphic file (type bmp)
<./picture/parallel.png>
[17]

LaTeX Font Warning: Font shape `JY1/hmc/b/n' undefined
(Font)              using `JY1/hmc/bx/n' instead on input line 642.

File: ./picture/fp1111ed.png Graphic file (type bmp)
<./picture/fp1111ed.png>

Overfull \hbox (18.62204pt too wide) in paragraph at lines 657--658
 [] 
 []

File: ./picture/fp1111edextended.png Graphic file (type bmp)
<./picture/fp1111edextended.png>

Overfull \hbox (18.62204pt too wide) in paragraph at lines 664--665
 [] 
 []


Overfull \hbox (14.7375pt too wide) in paragraph at lines 652--669
 [][][][] 
 []

File: ./picture/fpall.png Graphic file (type bmp)
<./picture/fpall.png>

Overfull \hbox (18.62204pt too wide) in paragraph at lines 679--680
 [] 
 []

File: ./picture/fpallextended.png Graphic file (type bmp)
<./picture/fpallextended.png>

Overfull \hbox (18.62204pt too wide) in paragraph at lines 686--687
 [] 
 []


Overfull \hbox (14.7375pt too wide) in paragraph at lines 674--691
 [][][][] 
 []

[18]
File: ./picture/fpmixed.png Graphic file (type bmp)
<./picture/fpmixed.png>

Overfull \hbox (18.62204pt too wide) in paragraph at lines 703--704
 [] 
 []

File: ./picture/fpmixedextended.png Graphic file (type bmp)
<./picture/fpmixedextended.png>

Overfull \hbox (18.62204pt too wide) in paragraph at lines 710--711
 [] 
 []


Overfull \hbox (14.7375pt too wide) in paragraph at lines 698--715
 [][][][] 
 []

[19]

LaTeX Font Warning: Font shape `JY1/hmc/b/n' undefined
(Font)              using `JY1/hmc/bx/n' instead on input line 724.

File: ./picture/qutrit.png Graphic file (type bmp)
<./picture/qutrit.png>
[20]
第 4 章

LaTeX Font Warning: Font shape `JY1/hmc/b/n' undefined
(Font)              using `JY1/hmc/bx/n' instead on input line 735.

[21

]

LaTeX Font Warning: Font shape `JY1/hmc/b/n' undefined
(Font)              using `JY1/hmc/bx/n' instead on input line 746.

[22

]

LaTeX Font Warning: Font shape `JY1/hmc/b/n' undefined
(Font)              using `JY1/hmc/bx/n' instead on input line 761.

[23

]
付 録 A  

LaTeX Font Warning: Font shape `JY1/hmc/b/n' undefined
(Font)              using `JY1/hmc/bx/n' instead on input line 776.

[24

]

Package natbib Warning: There were multiply defined citations.

Package atveryend Info: Empty hook `BeforeClearDocument' on input line 825.
[25]
Package atveryend Info: Empty hook `AfterLastShipout' on input line 825.
 (./graduate_thesis.aux

Package natbib Warning: Citation(s) may have changed.
(natbib)                Rerun to get citations correct.

)
Package atveryend Info: Empty hook `AtVeryEndDocument' on input line 825.
Package atveryend Info: Executing hook `AtEndAfterFileList' on input line 825.
Package rerunfilecheck Info: File `graduate_thesis.out' has not changed.
(rerunfilecheck)             Checksum: 003B6DD2FBBACFD0985DE0D995C471A8;1531.
Package atveryend Info: Empty hook `AtVeryVeryEnd' on input line 825.
 ) 
Here is how much of TeX's memory you used:
 9730 strings out of 481529
 140510 string characters out of 5929220
 418724 words of memory out of 5000000
 25193 multiletter control sequences out of 15000+600000
 556880 words of font info for 123 fonts, out of 8000000 for 9000
 929 hyphenation exceptions out of 8191
 48i,13n,46p,363b,992s stack positions out of 5000i,500n,10000p,200000b,80000s

Output written on graduate_thesis.dvi (28 pages, 92204 bytes).
