\BOOKMARK [0][-]{chapter*.1}{目 次}{}% 1
\BOOKMARK [0][-]{chapter*.2}{図 目 次}{}% 2
\BOOKMARK [0][-]{chapter.1}{序論}{}% 3
\BOOKMARK [1][-]{section.1.1}{研究の背景と目的}{chapter.1}% 4
\BOOKMARK [0][-]{chapter.2}{理論}{}% 5
\BOOKMARK [1][-]{section.2.1}{量子状態トモグラフィーの一般的理論}{chapter.2}% 6
\BOOKMARK [2][-]{subsection.2.1.1}{密度行列}{section.2.1}% 7
\BOOKMARK [2][-]{subsection.2.1.2}{1 qubitトモグラフィー　\(直交基底測定\)}{section.2.1}% 8
\BOOKMARK [2][-]{subsection.2.1.3}{1 qubitトモグラフィー　\(非直交基底測定\)}{section.2.1}% 9
\BOOKMARK [2][-]{subsection.2.1.4}{Quditへの拡張}{section.2.1}% 10
\BOOKMARK [2][-]{subsection.2.1.5}{Multi quditsへの拡張}{section.2.1}% 11
\BOOKMARK [2][-]{subsection.2.1.6}{密度行列の再構成}{section.2.1}% 12
\BOOKMARK [1][-]{section.2.2}{最尤推定}{chapter.2}% 13
\BOOKMARK [2][-]{subsection.2.2.1}{密度行列の確認}{section.2.2}% 14
\BOOKMARK [2][-]{subsection.2.2.2}{アルゴリズム}{section.2.2}% 15
\BOOKMARK [2][-]{subsection.2.2.3}{Diluted \040 アルゴリズム}{section.2.2}% 16
\BOOKMARK [0][-]{chapter.3}{実装と結果}{}% 17
\BOOKMARK [1][-]{section.3.1}{計算環境}{chapter.3}% 18
\BOOKMARK [1][-]{section.3.2}{Multi qubitsの結果}{chapter.3}% 19
\BOOKMARK [1][-]{section.3.3}{quditの結果}{chapter.3}% 20
\BOOKMARK [0][-]{chapter.4}{まとめ}{}% 21
\BOOKMARK [0][-]{chapter*.23}{参考文献}{}% 22
\BOOKMARK [0][-]{appendix.A}{Cholesky Decomposition}{}% 23
